CART PAGE [2025-10-30T09:34:39+01:00] []
CART PAGE [2025-10-30T09:34:44+01:00] []
CART PAGE [2025-10-30T09:35:21+01:00] []
CART PAGE [2025-10-30T09:37:40+01:00] []
API [2025-10-30T09:44:06+01:00] {"1":1}
CART PAGE [2025-10-30T09:44:08+01:00] {"1":1}
CART PAGE [2025-10-30T09:44:11+01:00] {"1":1}
API [2025-10-30T09:44:15+01:00] {"1":1}
CART PAGE [2025-10-30T09:44:18+01:00] {"1":1}
CART PAGE [2025-10-30T09:44:28+01:00] {"1":1}
CART PAGE [2025-10-30T09:45:00+01:00] {"1":1}
CART PAGE [2025-10-30T09:51:44+01:00] {"1":1}
CART PAGE [2025-10-30T09:52:03+01:00] []
CART PAGE [2025-10-30T09:52:08+01:00] []
API [2025-10-30T10:33:19+01:00] {"1":1}
CART PAGE [2025-10-30T10:33:24+01:00] {"1":1}
API [2025-10-30T10:52:05+01:00] {"1":2}
API [2025-10-30T10:52:06+01:00] {"1":3}
CART PAGE [2025-10-30T10:52:09+01:00] {"1":3}
CART PAGE [2025-10-30T14:22:42+01:00] []
API [2025-10-30T14:22:44+01:00] {"1":1}
CART PAGE [2025-10-30T14:22:45+01:00] {"1":1}
CART PAGE [2025-10-30T14:22:58+01:00] {"1":1}
CART PAGE [2025-10-30T14:22:59+01:00] {"1":1}
CART PAGE [2025-10-30T14:23:05+01:00] {"1":2}
CART PAGE [2025-10-30T14:24:45+01:00] {"1":2}
CART PAGE [2025-10-30T14:24:49+01:00] {"1":2}
CART PAGE [2025-10-30T14:24:51+01:00] {"1":1}
API [2025-10-30T15:01:41+01:00] {"1":2}
CART PAGE [2025-10-30T15:01:42+01:00] {"1":2}
CART PAGE [2025-10-30T15:01:44+01:00] {"1":2}
API [2025-10-30T20:52:55+01:00] {"3":8}
CART PAGE [2025-10-30T20:52:56+01:00] {"3":8}
CART PAGE [2025-10-30T20:53:00+01:00] {"3":8}
API [2025-10-31T10:33:49+01:00] {"2":1}
API [2025-10-31T10:33:51+01:00] {"2":2}
API [2025-11-18T05:28:23+01:00] {"3":1}
CART PAGE [2025-11-18T05:28:26+01:00] {"3":1}
CART PAGE [2025-11-18T05:28:31+01:00] {"3":1}
API [2025-11-18T05:28:37+01:00] {"3":2,"1":2}
CART PAGE [2025-11-18T05:28:46+01:00] {"3":2,"1":2}
CART PAGE [2025-11-18T05:28:49+01:00] {"3":2,"1":2}
CART PAGE [2025-11-18T05:28:50+01:00] {"1":2}
API [2025-11-18T05:33:28+01:00] {"1":1}
CART PAGE [2025-11-18T05:33:32+01:00] {"1":1}
API [2025-11-19T08:59:29+01:00] {"1":1}
CART PAGE [2025-11-19T08:59:30+01:00] {"1":1}
CART PAGE [2025-11-19T08:59:45+01:00] {"1":1}
CART PAGE [2025-11-19T08:59:55+01:00] {"1":2}
CART PAGE [2025-11-20T07:54:07+01:00] []
API [2025-11-20T07:54:10+01:00] {"5":1}
API [2025-11-20T07:54:17+01:00] {"5":1,"7":2}
CART PAGE [2025-11-20T07:54:18+01:00] {"5":1,"7":2}
CART PAGE [2025-11-20T07:54:35+01:00] {"5":1,"7":2}
